[2025-11-14T18:17:18.557+0000] {processor.py:161} INFO - Started process (PID=44) to work on /opt/airflow/dags/meteo_requete_final.py
[2025-11-14T18:17:18.559+0000] {processor.py:830} INFO - Processing file /opt/airflow/dags/meteo_requete_final.py for tasks to queue
[2025-11-14T18:17:18.560+0000] {logging_mixin.py:188} INFO - [2025-11-14T18:17:18.560+0000] {dagbag.py:545} INFO - Filling up the DagBag from /opt/airflow/dags/meteo_requete_final.py
[2025-11-14T18:17:19.243+0000] {logging_mixin.py:188} INFO - [2025-11-14T18:17:19.238+0000] {dagbag.py:355} ERROR - Failed to import: /opt/airflow/dags/meteo_requete_final.py
Traceback (most recent call last):
  File "/home/airflow/.local/lib/python3.10/site-packages/airflow/models/dagbag.py", line 351, in parse
    loader.exec_module(new_module)
  File "<frozen importlib._bootstrap_external>", line 883, in exec_module
  File "<frozen importlib._bootstrap>", line 241, in _call_with_frames_removed
  File "/opt/airflow/dags/meteo_requete_final.py", line 4, in <module>
    import tqdm
ModuleNotFoundError: No module named 'tqdm'
[2025-11-14T18:17:19.245+0000] {processor.py:842} WARNING - No viable dags retrieved from /opt/airflow/dags/meteo_requete_final.py
[2025-11-14T18:17:19.274+0000] {processor.py:183} INFO - Processing /opt/airflow/dags/meteo_requete_final.py took 0.722 seconds
[2025-11-14T18:17:50.070+0000] {processor.py:161} INFO - Started process (PID=95) to work on /opt/airflow/dags/meteo_requete_final.py
[2025-11-14T18:17:50.072+0000] {processor.py:830} INFO - Processing file /opt/airflow/dags/meteo_requete_final.py for tasks to queue
[2025-11-14T18:17:50.075+0000] {logging_mixin.py:188} INFO - [2025-11-14T18:17:50.074+0000] {dagbag.py:545} INFO - Filling up the DagBag from /opt/airflow/dags/meteo_requete_final.py
[2025-11-14T18:17:50.557+0000] {logging_mixin.py:188} INFO - [2025-11-14T18:17:50.549+0000] {dagbag.py:355} ERROR - Failed to import: /opt/airflow/dags/meteo_requete_final.py
Traceback (most recent call last):
  File "/home/airflow/.local/lib/python3.10/site-packages/airflow/models/dagbag.py", line 351, in parse
    loader.exec_module(new_module)
  File "<frozen importlib._bootstrap_external>", line 883, in exec_module
  File "<frozen importlib._bootstrap>", line 241, in _call_with_frames_removed
  File "/opt/airflow/dags/meteo_requete_final.py", line 4, in <module>
    import tqdm
ModuleNotFoundError: No module named 'tqdm'
[2025-11-14T18:17:50.559+0000] {processor.py:842} WARNING - No viable dags retrieved from /opt/airflow/dags/meteo_requete_final.py
[2025-11-14T18:17:50.582+0000] {processor.py:183} INFO - Processing /opt/airflow/dags/meteo_requete_final.py took 0.519 seconds
[2025-11-14T18:18:21.465+0000] {processor.py:161} INFO - Started process (PID=152) to work on /opt/airflow/dags/meteo_requete_final.py
[2025-11-14T18:18:21.466+0000] {processor.py:830} INFO - Processing file /opt/airflow/dags/meteo_requete_final.py for tasks to queue
[2025-11-14T18:18:21.469+0000] {logging_mixin.py:188} INFO - [2025-11-14T18:18:21.468+0000] {dagbag.py:545} INFO - Filling up the DagBag from /opt/airflow/dags/meteo_requete_final.py
[2025-11-14T18:18:21.912+0000] {logging_mixin.py:188} INFO - [2025-11-14T18:18:21.904+0000] {dagbag.py:355} ERROR - Failed to import: /opt/airflow/dags/meteo_requete_final.py
Traceback (most recent call last):
  File "/home/airflow/.local/lib/python3.10/site-packages/airflow/models/dagbag.py", line 351, in parse
    loader.exec_module(new_module)
  File "<frozen importlib._bootstrap_external>", line 883, in exec_module
  File "<frozen importlib._bootstrap>", line 241, in _call_with_frames_removed
  File "/opt/airflow/dags/meteo_requete_final.py", line 4, in <module>
    import tqdm
ModuleNotFoundError: No module named 'tqdm'
[2025-11-14T18:18:21.914+0000] {processor.py:842} WARNING - No viable dags retrieved from /opt/airflow/dags/meteo_requete_final.py
[2025-11-14T18:18:21.942+0000] {processor.py:183} INFO - Processing /opt/airflow/dags/meteo_requete_final.py took 0.483 seconds
[2025-11-14T18:18:52.662+0000] {processor.py:161} INFO - Started process (PID=203) to work on /opt/airflow/dags/meteo_requete_final.py
[2025-11-14T18:18:52.663+0000] {processor.py:830} INFO - Processing file /opt/airflow/dags/meteo_requete_final.py for tasks to queue
[2025-11-14T18:18:52.666+0000] {logging_mixin.py:188} INFO - [2025-11-14T18:18:52.665+0000] {dagbag.py:545} INFO - Filling up the DagBag from /opt/airflow/dags/meteo_requete_final.py
[2025-11-14T18:18:53.242+0000] {logging_mixin.py:188} INFO - [2025-11-14T18:18:53.234+0000] {dagbag.py:355} ERROR - Failed to import: /opt/airflow/dags/meteo_requete_final.py
Traceback (most recent call last):
  File "/home/airflow/.local/lib/python3.10/site-packages/airflow/models/dagbag.py", line 351, in parse
    loader.exec_module(new_module)
  File "<frozen importlib._bootstrap_external>", line 883, in exec_module
  File "<frozen importlib._bootstrap>", line 241, in _call_with_frames_removed
  File "/opt/airflow/dags/meteo_requete_final.py", line 4, in <module>
    import tqdm
ModuleNotFoundError: No module named 'tqdm'
[2025-11-14T18:18:53.244+0000] {processor.py:842} WARNING - No viable dags retrieved from /opt/airflow/dags/meteo_requete_final.py
[2025-11-14T18:18:53.269+0000] {processor.py:183} INFO - Processing /opt/airflow/dags/meteo_requete_final.py took 0.614 seconds
[2025-11-14T18:19:24.036+0000] {processor.py:161} INFO - Started process (PID=260) to work on /opt/airflow/dags/meteo_requete_final.py
[2025-11-14T18:19:24.037+0000] {processor.py:830} INFO - Processing file /opt/airflow/dags/meteo_requete_final.py for tasks to queue
[2025-11-14T18:19:24.039+0000] {logging_mixin.py:188} INFO - [2025-11-14T18:19:24.038+0000] {dagbag.py:545} INFO - Filling up the DagBag from /opt/airflow/dags/meteo_requete_final.py
[2025-11-14T18:19:24.511+0000] {logging_mixin.py:188} INFO - [2025-11-14T18:19:24.504+0000] {dagbag.py:355} ERROR - Failed to import: /opt/airflow/dags/meteo_requete_final.py
Traceback (most recent call last):
  File "/home/airflow/.local/lib/python3.10/site-packages/airflow/models/dagbag.py", line 351, in parse
    loader.exec_module(new_module)
  File "<frozen importlib._bootstrap_external>", line 883, in exec_module
  File "<frozen importlib._bootstrap>", line 241, in _call_with_frames_removed
  File "/opt/airflow/dags/meteo_requete_final.py", line 4, in <module>
    import tqdm
ModuleNotFoundError: No module named 'tqdm'
[2025-11-14T18:19:24.514+0000] {processor.py:842} WARNING - No viable dags retrieved from /opt/airflow/dags/meteo_requete_final.py
[2025-11-14T18:19:24.535+0000] {processor.py:183} INFO - Processing /opt/airflow/dags/meteo_requete_final.py took 0.506 seconds
[2025-11-14T18:19:54.892+0000] {processor.py:161} INFO - Started process (PID=310) to work on /opt/airflow/dags/meteo_requete_final.py
[2025-11-14T18:19:54.893+0000] {processor.py:830} INFO - Processing file /opt/airflow/dags/meteo_requete_final.py for tasks to queue
[2025-11-14T18:19:54.895+0000] {logging_mixin.py:188} INFO - [2025-11-14T18:19:54.895+0000] {dagbag.py:545} INFO - Filling up the DagBag from /opt/airflow/dags/meteo_requete_final.py
[2025-11-14T18:19:55.304+0000] {logging_mixin.py:188} INFO - [2025-11-14T18:19:55.295+0000] {dagbag.py:355} ERROR - Failed to import: /opt/airflow/dags/meteo_requete_final.py
Traceback (most recent call last):
  File "/home/airflow/.local/lib/python3.10/site-packages/airflow/models/dagbag.py", line 351, in parse
    loader.exec_module(new_module)
  File "<frozen importlib._bootstrap_external>", line 883, in exec_module
  File "<frozen importlib._bootstrap>", line 241, in _call_with_frames_removed
  File "/opt/airflow/dags/meteo_requete_final.py", line 4, in <module>
    import tqdm
ModuleNotFoundError: No module named 'tqdm'
[2025-11-14T18:19:55.306+0000] {processor.py:842} WARNING - No viable dags retrieved from /opt/airflow/dags/meteo_requete_final.py
[2025-11-14T18:19:55.327+0000] {processor.py:183} INFO - Processing /opt/airflow/dags/meteo_requete_final.py took 0.440 seconds
[2025-11-14T18:20:25.592+0000] {processor.py:161} INFO - Started process (PID=360) to work on /opt/airflow/dags/meteo_requete_final.py
[2025-11-14T18:20:25.594+0000] {processor.py:830} INFO - Processing file /opt/airflow/dags/meteo_requete_final.py for tasks to queue
[2025-11-14T18:20:25.597+0000] {logging_mixin.py:188} INFO - [2025-11-14T18:20:25.597+0000] {dagbag.py:545} INFO - Filling up the DagBag from /opt/airflow/dags/meteo_requete_final.py
[2025-11-14T18:20:26.166+0000] {logging_mixin.py:188} INFO - [2025-11-14T18:20:26.157+0000] {dagbag.py:355} ERROR - Failed to import: /opt/airflow/dags/meteo_requete_final.py
Traceback (most recent call last):
  File "/home/airflow/.local/lib/python3.10/site-packages/airflow/models/dagbag.py", line 351, in parse
    loader.exec_module(new_module)
  File "<frozen importlib._bootstrap_external>", line 883, in exec_module
  File "<frozen importlib._bootstrap>", line 241, in _call_with_frames_removed
  File "/opt/airflow/dags/meteo_requete_final.py", line 4, in <module>
    import tqdm
ModuleNotFoundError: No module named 'tqdm'
[2025-11-14T18:20:26.168+0000] {processor.py:842} WARNING - No viable dags retrieved from /opt/airflow/dags/meteo_requete_final.py
[2025-11-14T18:20:26.193+0000] {processor.py:183} INFO - Processing /opt/airflow/dags/meteo_requete_final.py took 0.611 seconds
[2025-11-14T18:20:56.971+0000] {processor.py:161} INFO - Started process (PID=417) to work on /opt/airflow/dags/meteo_requete_final.py
[2025-11-14T18:20:56.973+0000] {processor.py:830} INFO - Processing file /opt/airflow/dags/meteo_requete_final.py for tasks to queue
[2025-11-14T18:20:56.975+0000] {logging_mixin.py:188} INFO - [2025-11-14T18:20:56.975+0000] {dagbag.py:545} INFO - Filling up the DagBag from /opt/airflow/dags/meteo_requete_final.py
[2025-11-14T18:20:57.591+0000] {logging_mixin.py:188} INFO - [2025-11-14T18:20:57.585+0000] {dagbag.py:355} ERROR - Failed to import: /opt/airflow/dags/meteo_requete_final.py
Traceback (most recent call last):
  File "/home/airflow/.local/lib/python3.10/site-packages/airflow/models/dagbag.py", line 351, in parse
    loader.exec_module(new_module)
  File "<frozen importlib._bootstrap_external>", line 883, in exec_module
  File "<frozen importlib._bootstrap>", line 241, in _call_with_frames_removed
  File "/opt/airflow/dags/meteo_requete_final.py", line 4, in <module>
    import tqdm
ModuleNotFoundError: No module named 'tqdm'
[2025-11-14T18:20:57.593+0000] {processor.py:842} WARNING - No viable dags retrieved from /opt/airflow/dags/meteo_requete_final.py
[2025-11-14T18:20:57.617+0000] {processor.py:183} INFO - Processing /opt/airflow/dags/meteo_requete_final.py took 0.655 seconds
[2025-11-14T18:21:28.387+0000] {processor.py:161} INFO - Started process (PID=467) to work on /opt/airflow/dags/meteo_requete_final.py
[2025-11-14T18:21:28.388+0000] {processor.py:830} INFO - Processing file /opt/airflow/dags/meteo_requete_final.py for tasks to queue
[2025-11-14T18:21:28.391+0000] {logging_mixin.py:188} INFO - [2025-11-14T18:21:28.390+0000] {dagbag.py:545} INFO - Filling up the DagBag from /opt/airflow/dags/meteo_requete_final.py
[2025-11-14T18:21:28.933+0000] {logging_mixin.py:188} INFO - [2025-11-14T18:21:28.925+0000] {dagbag.py:355} ERROR - Failed to import: /opt/airflow/dags/meteo_requete_final.py
Traceback (most recent call last):
  File "/home/airflow/.local/lib/python3.10/site-packages/airflow/models/dagbag.py", line 351, in parse
    loader.exec_module(new_module)
  File "<frozen importlib._bootstrap_external>", line 883, in exec_module
  File "<frozen importlib._bootstrap>", line 241, in _call_with_frames_removed
  File "/opt/airflow/dags/meteo_requete_final.py", line 4, in <module>
    import tqdm
ModuleNotFoundError: No module named 'tqdm'
[2025-11-14T18:21:28.934+0000] {processor.py:842} WARNING - No viable dags retrieved from /opt/airflow/dags/meteo_requete_final.py
[2025-11-14T18:21:28.963+0000] {processor.py:183} INFO - Processing /opt/airflow/dags/meteo_requete_final.py took 0.583 seconds
[2025-11-14T18:21:59.875+0000] {processor.py:161} INFO - Started process (PID=517) to work on /opt/airflow/dags/meteo_requete_final.py
[2025-11-14T18:21:59.877+0000] {processor.py:830} INFO - Processing file /opt/airflow/dags/meteo_requete_final.py for tasks to queue
[2025-11-14T18:21:59.879+0000] {logging_mixin.py:188} INFO - [2025-11-14T18:21:59.879+0000] {dagbag.py:545} INFO - Filling up the DagBag from /opt/airflow/dags/meteo_requete_final.py
[2025-11-14T18:22:00.253+0000] {logging_mixin.py:188} INFO - [2025-11-14T18:22:00.246+0000] {dagbag.py:355} ERROR - Failed to import: /opt/airflow/dags/meteo_requete_final.py
Traceback (most recent call last):
  File "/home/airflow/.local/lib/python3.10/site-packages/airflow/models/dagbag.py", line 351, in parse
    loader.exec_module(new_module)
  File "<frozen importlib._bootstrap_external>", line 883, in exec_module
  File "<frozen importlib._bootstrap>", line 241, in _call_with_frames_removed
  File "/opt/airflow/dags/meteo_requete_final.py", line 4, in <module>
    import tqdm
ModuleNotFoundError: No module named 'tqdm'
[2025-11-14T18:22:00.255+0000] {processor.py:842} WARNING - No viable dags retrieved from /opt/airflow/dags/meteo_requete_final.py
[2025-11-14T18:22:00.286+0000] {processor.py:183} INFO - Processing /opt/airflow/dags/meteo_requete_final.py took 0.418 seconds
[2025-11-14T18:22:30.692+0000] {processor.py:161} INFO - Started process (PID=574) to work on /opt/airflow/dags/meteo_requete_final.py
[2025-11-14T18:22:30.693+0000] {processor.py:830} INFO - Processing file /opt/airflow/dags/meteo_requete_final.py for tasks to queue
[2025-11-14T18:22:30.695+0000] {logging_mixin.py:188} INFO - [2025-11-14T18:22:30.695+0000] {dagbag.py:545} INFO - Filling up the DagBag from /opt/airflow/dags/meteo_requete_final.py
[2025-11-14T18:22:30.995+0000] {logging_mixin.py:188} INFO - [2025-11-14T18:22:30.989+0000] {dagbag.py:355} ERROR - Failed to import: /opt/airflow/dags/meteo_requete_final.py
Traceback (most recent call last):
  File "/home/airflow/.local/lib/python3.10/site-packages/airflow/models/dagbag.py", line 351, in parse
    loader.exec_module(new_module)
  File "<frozen importlib._bootstrap_external>", line 883, in exec_module
  File "<frozen importlib._bootstrap>", line 241, in _call_with_frames_removed
  File "/opt/airflow/dags/meteo_requete_final.py", line 4, in <module>
    import tqdm
ModuleNotFoundError: No module named 'tqdm'
[2025-11-14T18:22:30.996+0000] {processor.py:842} WARNING - No viable dags retrieved from /opt/airflow/dags/meteo_requete_final.py
[2025-11-14T18:22:31.022+0000] {processor.py:183} INFO - Processing /opt/airflow/dags/meteo_requete_final.py took 0.336 seconds
[2025-11-14T18:23:01.793+0000] {processor.py:161} INFO - Started process (PID=624) to work on /opt/airflow/dags/meteo_requete_final.py
[2025-11-14T18:23:01.794+0000] {processor.py:830} INFO - Processing file /opt/airflow/dags/meteo_requete_final.py for tasks to queue
[2025-11-14T18:23:01.797+0000] {logging_mixin.py:188} INFO - [2025-11-14T18:23:01.797+0000] {dagbag.py:545} INFO - Filling up the DagBag from /opt/airflow/dags/meteo_requete_final.py
[2025-11-14T18:23:02.202+0000] {logging_mixin.py:188} INFO - [2025-11-14T18:23:02.194+0000] {dagbag.py:355} ERROR - Failed to import: /opt/airflow/dags/meteo_requete_final.py
Traceback (most recent call last):
  File "/home/airflow/.local/lib/python3.10/site-packages/airflow/models/dagbag.py", line 351, in parse
    loader.exec_module(new_module)
  File "<frozen importlib._bootstrap_external>", line 883, in exec_module
  File "<frozen importlib._bootstrap>", line 241, in _call_with_frames_removed
  File "/opt/airflow/dags/meteo_requete_final.py", line 4, in <module>
    import tqdm
ModuleNotFoundError: No module named 'tqdm'
[2025-11-14T18:23:02.205+0000] {processor.py:842} WARNING - No viable dags retrieved from /opt/airflow/dags/meteo_requete_final.py
[2025-11-14T18:23:02.231+0000] {processor.py:183} INFO - Processing /opt/airflow/dags/meteo_requete_final.py took 0.446 seconds
[2025-11-14T18:23:32.613+0000] {processor.py:161} INFO - Started process (PID=674) to work on /opt/airflow/dags/meteo_requete_final.py
[2025-11-14T18:23:32.616+0000] {processor.py:830} INFO - Processing file /opt/airflow/dags/meteo_requete_final.py for tasks to queue
[2025-11-14T18:23:32.619+0000] {logging_mixin.py:188} INFO - [2025-11-14T18:23:32.619+0000] {dagbag.py:545} INFO - Filling up the DagBag from /opt/airflow/dags/meteo_requete_final.py
[2025-11-14T18:23:33.056+0000] {logging_mixin.py:188} INFO - [2025-11-14T18:23:33.045+0000] {dagbag.py:355} ERROR - Failed to import: /opt/airflow/dags/meteo_requete_final.py
Traceback (most recent call last):
  File "/home/airflow/.local/lib/python3.10/site-packages/airflow/models/dagbag.py", line 351, in parse
    loader.exec_module(new_module)
  File "<frozen importlib._bootstrap_external>", line 883, in exec_module
  File "<frozen importlib._bootstrap>", line 241, in _call_with_frames_removed
  File "/opt/airflow/dags/meteo_requete_final.py", line 4, in <module>
    import tqdm
ModuleNotFoundError: No module named 'tqdm'
[2025-11-14T18:23:33.058+0000] {processor.py:842} WARNING - No viable dags retrieved from /opt/airflow/dags/meteo_requete_final.py
[2025-11-14T18:23:33.093+0000] {processor.py:183} INFO - Processing /opt/airflow/dags/meteo_requete_final.py took 0.494 seconds
[2025-11-14T18:24:03.288+0000] {processor.py:161} INFO - Started process (PID=732) to work on /opt/airflow/dags/meteo_requete_final.py
[2025-11-14T18:24:03.289+0000] {processor.py:830} INFO - Processing file /opt/airflow/dags/meteo_requete_final.py for tasks to queue
[2025-11-14T18:24:03.290+0000] {logging_mixin.py:188} INFO - [2025-11-14T18:24:03.290+0000] {dagbag.py:545} INFO - Filling up the DagBag from /opt/airflow/dags/meteo_requete_final.py
[2025-11-14T18:24:03.593+0000] {logging_mixin.py:188} INFO - [2025-11-14T18:24:03.587+0000] {dagbag.py:355} ERROR - Failed to import: /opt/airflow/dags/meteo_requete_final.py
Traceback (most recent call last):
  File "/home/airflow/.local/lib/python3.10/site-packages/airflow/models/dagbag.py", line 351, in parse
    loader.exec_module(new_module)
  File "<frozen importlib._bootstrap_external>", line 883, in exec_module
  File "<frozen importlib._bootstrap>", line 241, in _call_with_frames_removed
  File "/opt/airflow/dags/meteo_requete_final.py", line 4, in <module>
    import tqdm
ModuleNotFoundError: No module named 'tqdm'
[2025-11-14T18:24:03.594+0000] {processor.py:842} WARNING - No viable dags retrieved from /opt/airflow/dags/meteo_requete_final.py
[2025-11-14T18:24:03.614+0000] {processor.py:183} INFO - Processing /opt/airflow/dags/meteo_requete_final.py took 0.333 seconds
[2025-11-14T18:24:33.781+0000] {processor.py:161} INFO - Started process (PID=782) to work on /opt/airflow/dags/meteo_requete_final.py
[2025-11-14T18:24:33.783+0000] {processor.py:830} INFO - Processing file /opt/airflow/dags/meteo_requete_final.py for tasks to queue
[2025-11-14T18:24:33.786+0000] {logging_mixin.py:188} INFO - [2025-11-14T18:24:33.785+0000] {dagbag.py:545} INFO - Filling up the DagBag from /opt/airflow/dags/meteo_requete_final.py
[2025-11-14T18:24:34.178+0000] {logging_mixin.py:188} INFO - [2025-11-14T18:24:34.169+0000] {dagbag.py:355} ERROR - Failed to import: /opt/airflow/dags/meteo_requete_final.py
Traceback (most recent call last):
  File "/home/airflow/.local/lib/python3.10/site-packages/airflow/models/dagbag.py", line 351, in parse
    loader.exec_module(new_module)
  File "<frozen importlib._bootstrap_external>", line 883, in exec_module
  File "<frozen importlib._bootstrap>", line 241, in _call_with_frames_removed
  File "/opt/airflow/dags/meteo_requete_final.py", line 4, in <module>
    import tqdm
ModuleNotFoundError: No module named 'tqdm'
[2025-11-14T18:24:34.180+0000] {processor.py:842} WARNING - No viable dags retrieved from /opt/airflow/dags/meteo_requete_final.py
[2025-11-14T18:24:34.203+0000] {processor.py:183} INFO - Processing /opt/airflow/dags/meteo_requete_final.py took 0.431 seconds
[2025-11-14T18:25:05.143+0000] {processor.py:161} INFO - Started process (PID=832) to work on /opt/airflow/dags/meteo_requete_final.py
[2025-11-14T18:25:05.144+0000] {processor.py:830} INFO - Processing file /opt/airflow/dags/meteo_requete_final.py for tasks to queue
[2025-11-14T18:25:05.147+0000] {logging_mixin.py:188} INFO - [2025-11-14T18:25:05.147+0000] {dagbag.py:545} INFO - Filling up the DagBag from /opt/airflow/dags/meteo_requete_final.py
[2025-11-14T18:25:05.558+0000] {logging_mixin.py:188} INFO - [2025-11-14T18:25:05.551+0000] {dagbag.py:355} ERROR - Failed to import: /opt/airflow/dags/meteo_requete_final.py
Traceback (most recent call last):
  File "/home/airflow/.local/lib/python3.10/site-packages/airflow/models/dagbag.py", line 351, in parse
    loader.exec_module(new_module)
  File "<frozen importlib._bootstrap_external>", line 883, in exec_module
  File "<frozen importlib._bootstrap>", line 241, in _call_with_frames_removed
  File "/opt/airflow/dags/meteo_requete_final.py", line 4, in <module>
    import tqdm
ModuleNotFoundError: No module named 'tqdm'
[2025-11-14T18:25:05.560+0000] {processor.py:842} WARNING - No viable dags retrieved from /opt/airflow/dags/meteo_requete_final.py
[2025-11-14T18:25:05.586+0000] {processor.py:183} INFO - Processing /opt/airflow/dags/meteo_requete_final.py took 0.450 seconds
[2025-11-14T18:25:36.212+0000] {processor.py:161} INFO - Started process (PID=889) to work on /opt/airflow/dags/meteo_requete_final.py
[2025-11-14T18:25:36.214+0000] {processor.py:830} INFO - Processing file /opt/airflow/dags/meteo_requete_final.py for tasks to queue
[2025-11-14T18:25:36.216+0000] {logging_mixin.py:188} INFO - [2025-11-14T18:25:36.216+0000] {dagbag.py:545} INFO - Filling up the DagBag from /opt/airflow/dags/meteo_requete_final.py
[2025-11-14T18:25:36.513+0000] {logging_mixin.py:188} INFO - [2025-11-14T18:25:36.505+0000] {dagbag.py:355} ERROR - Failed to import: /opt/airflow/dags/meteo_requete_final.py
Traceback (most recent call last):
  File "/home/airflow/.local/lib/python3.10/site-packages/airflow/models/dagbag.py", line 351, in parse
    loader.exec_module(new_module)
  File "<frozen importlib._bootstrap_external>", line 883, in exec_module
  File "<frozen importlib._bootstrap>", line 241, in _call_with_frames_removed
  File "/opt/airflow/dags/meteo_requete_final.py", line 4, in <module>
    import tqdm
ModuleNotFoundError: No module named 'tqdm'
[2025-11-14T18:25:36.515+0000] {processor.py:842} WARNING - No viable dags retrieved from /opt/airflow/dags/meteo_requete_final.py
[2025-11-14T18:25:36.543+0000] {processor.py:183} INFO - Processing /opt/airflow/dags/meteo_requete_final.py took 0.337 seconds
[2025-11-14T18:26:06.623+0000] {processor.py:161} INFO - Started process (PID=939) to work on /opt/airflow/dags/meteo_requete_final.py
[2025-11-14T18:26:06.624+0000] {processor.py:830} INFO - Processing file /opt/airflow/dags/meteo_requete_final.py for tasks to queue
[2025-11-14T18:26:06.626+0000] {logging_mixin.py:188} INFO - [2025-11-14T18:26:06.626+0000] {dagbag.py:545} INFO - Filling up the DagBag from /opt/airflow/dags/meteo_requete_final.py
[2025-11-14T18:26:06.933+0000] {logging_mixin.py:188} INFO - [2025-11-14T18:26:06.925+0000] {dagbag.py:355} ERROR - Failed to import: /opt/airflow/dags/meteo_requete_final.py
Traceback (most recent call last):
  File "/home/airflow/.local/lib/python3.10/site-packages/airflow/models/dagbag.py", line 351, in parse
    loader.exec_module(new_module)
  File "<frozen importlib._bootstrap_external>", line 883, in exec_module
  File "<frozen importlib._bootstrap>", line 241, in _call_with_frames_removed
  File "/opt/airflow/dags/meteo_requete_final.py", line 4, in <module>
    import tqdm
ModuleNotFoundError: No module named 'tqdm'
[2025-11-14T18:26:06.935+0000] {processor.py:842} WARNING - No viable dags retrieved from /opt/airflow/dags/meteo_requete_final.py
[2025-11-14T18:26:06.962+0000] {processor.py:183} INFO - Processing /opt/airflow/dags/meteo_requete_final.py took 0.345 seconds
[2025-11-14T18:26:37.312+0000] {processor.py:161} INFO - Started process (PID=989) to work on /opt/airflow/dags/meteo_requete_final.py
[2025-11-14T18:26:37.314+0000] {processor.py:830} INFO - Processing file /opt/airflow/dags/meteo_requete_final.py for tasks to queue
[2025-11-14T18:26:37.316+0000] {logging_mixin.py:188} INFO - [2025-11-14T18:26:37.316+0000] {dagbag.py:545} INFO - Filling up the DagBag from /opt/airflow/dags/meteo_requete_final.py
[2025-11-14T18:26:37.637+0000] {logging_mixin.py:188} INFO - [2025-11-14T18:26:37.628+0000] {dagbag.py:355} ERROR - Failed to import: /opt/airflow/dags/meteo_requete_final.py
Traceback (most recent call last):
  File "/home/airflow/.local/lib/python3.10/site-packages/airflow/models/dagbag.py", line 351, in parse
    loader.exec_module(new_module)
  File "<frozen importlib._bootstrap_external>", line 883, in exec_module
  File "<frozen importlib._bootstrap>", line 241, in _call_with_frames_removed
  File "/opt/airflow/dags/meteo_requete_final.py", line 4, in <module>
    import tqdm
ModuleNotFoundError: No module named 'tqdm'
[2025-11-14T18:26:37.639+0000] {processor.py:842} WARNING - No viable dags retrieved from /opt/airflow/dags/meteo_requete_final.py
[2025-11-14T18:26:37.673+0000] {processor.py:183} INFO - Processing /opt/airflow/dags/meteo_requete_final.py took 0.368 seconds
[2025-11-14T18:27:08.021+0000] {processor.py:161} INFO - Started process (PID=1046) to work on /opt/airflow/dags/meteo_requete_final.py
[2025-11-14T18:27:08.023+0000] {processor.py:830} INFO - Processing file /opt/airflow/dags/meteo_requete_final.py for tasks to queue
[2025-11-14T18:27:08.025+0000] {logging_mixin.py:188} INFO - [2025-11-14T18:27:08.024+0000] {dagbag.py:545} INFO - Filling up the DagBag from /opt/airflow/dags/meteo_requete_final.py
[2025-11-14T18:27:08.460+0000] {logging_mixin.py:188} INFO - [2025-11-14T18:27:08.455+0000] {dagbag.py:355} ERROR - Failed to import: /opt/airflow/dags/meteo_requete_final.py
Traceback (most recent call last):
  File "/home/airflow/.local/lib/python3.10/site-packages/airflow/models/dagbag.py", line 351, in parse
    loader.exec_module(new_module)
  File "<frozen importlib._bootstrap_external>", line 883, in exec_module
  File "<frozen importlib._bootstrap>", line 241, in _call_with_frames_removed
  File "/opt/airflow/dags/meteo_requete_final.py", line 4, in <module>
    import tqdm
ModuleNotFoundError: No module named 'tqdm'
[2025-11-14T18:27:08.461+0000] {processor.py:842} WARNING - No viable dags retrieved from /opt/airflow/dags/meteo_requete_final.py
[2025-11-14T18:27:08.481+0000] {processor.py:183} INFO - Processing /opt/airflow/dags/meteo_requete_final.py took 0.467 seconds
