[2025-11-13T09:48:14.447+0000] {processor.py:161} INFO - Started process (PID=43) to work on /opt/airflow/dags/predict.py
[2025-11-13T09:48:14.448+0000] {processor.py:830} INFO - Processing file /opt/airflow/dags/predict.py for tasks to queue
[2025-11-13T09:48:14.450+0000] {logging_mixin.py:188} INFO - [2025-11-13T09:48:14.450+0000] {dagbag.py:545} INFO - Filling up the DagBag from /opt/airflow/dags/predict.py
[2025-11-13T09:48:16.307+0000] {logging_mixin.py:188} INFO - [2025-11-13T09:48:16.302+0000] {dagbag.py:355} ERROR - Failed to import: /opt/airflow/dags/predict.py
Traceback (most recent call last):
  File "/home/airflow/.local/lib/python3.10/site-packages/airflow/models/dagbag.py", line 351, in parse
    loader.exec_module(new_module)
  File "<frozen importlib._bootstrap_external>", line 883, in exec_module
  File "<frozen importlib._bootstrap>", line 241, in _call_with_frames_removed
  File "/opt/airflow/dags/predict.py", line 5, in <module>
    from lifelines import CoxPHFitter
ModuleNotFoundError: No module named 'lifelines'
[2025-11-13T09:48:16.310+0000] {processor.py:842} WARNING - No viable dags retrieved from /opt/airflow/dags/predict.py
[2025-11-13T09:48:16.327+0000] {processor.py:183} INFO - Processing /opt/airflow/dags/predict.py took 1.885 seconds
[2025-11-13T09:48:46.548+0000] {processor.py:161} INFO - Started process (PID=102) to work on /opt/airflow/dags/predict.py
[2025-11-13T09:48:46.549+0000] {processor.py:830} INFO - Processing file /opt/airflow/dags/predict.py for tasks to queue
[2025-11-13T09:48:46.551+0000] {logging_mixin.py:188} INFO - [2025-11-13T09:48:46.551+0000] {dagbag.py:545} INFO - Filling up the DagBag from /opt/airflow/dags/predict.py
[2025-11-13T09:48:47.867+0000] {logging_mixin.py:188} INFO - [2025-11-13T09:48:47.863+0000] {dagbag.py:355} ERROR - Failed to import: /opt/airflow/dags/predict.py
Traceback (most recent call last):
  File "/home/airflow/.local/lib/python3.10/site-packages/airflow/models/dagbag.py", line 351, in parse
    loader.exec_module(new_module)
  File "<frozen importlib._bootstrap_external>", line 883, in exec_module
  File "<frozen importlib._bootstrap>", line 241, in _call_with_frames_removed
  File "/opt/airflow/dags/predict.py", line 5, in <module>
    from lifelines import CoxPHFitter
ModuleNotFoundError: No module named 'lifelines'
[2025-11-13T09:48:47.869+0000] {processor.py:842} WARNING - No viable dags retrieved from /opt/airflow/dags/predict.py
[2025-11-13T09:48:47.886+0000] {processor.py:183} INFO - Processing /opt/airflow/dags/predict.py took 1.342 seconds
[2025-11-13T09:49:18.295+0000] {processor.py:161} INFO - Started process (PID=159) to work on /opt/airflow/dags/predict.py
[2025-11-13T09:49:18.296+0000] {processor.py:830} INFO - Processing file /opt/airflow/dags/predict.py for tasks to queue
[2025-11-13T09:49:18.298+0000] {logging_mixin.py:188} INFO - [2025-11-13T09:49:18.297+0000] {dagbag.py:545} INFO - Filling up the DagBag from /opt/airflow/dags/predict.py
[2025-11-13T09:49:19.600+0000] {logging_mixin.py:188} INFO - [2025-11-13T09:49:19.596+0000] {dagbag.py:355} ERROR - Failed to import: /opt/airflow/dags/predict.py
Traceback (most recent call last):
  File "/home/airflow/.local/lib/python3.10/site-packages/airflow/models/dagbag.py", line 351, in parse
    loader.exec_module(new_module)
  File "<frozen importlib._bootstrap_external>", line 883, in exec_module
  File "<frozen importlib._bootstrap>", line 241, in _call_with_frames_removed
  File "/opt/airflow/dags/predict.py", line 5, in <module>
    from lifelines import CoxPHFitter
ModuleNotFoundError: No module named 'lifelines'
[2025-11-13T09:49:19.602+0000] {processor.py:842} WARNING - No viable dags retrieved from /opt/airflow/dags/predict.py
[2025-11-13T09:49:19.627+0000] {processor.py:183} INFO - Processing /opt/airflow/dags/predict.py took 1.336 seconds
[2025-11-13T09:49:50.014+0000] {processor.py:161} INFO - Started process (PID=209) to work on /opt/airflow/dags/predict.py
[2025-11-13T09:49:50.016+0000] {processor.py:830} INFO - Processing file /opt/airflow/dags/predict.py for tasks to queue
[2025-11-13T09:49:50.017+0000] {logging_mixin.py:188} INFO - [2025-11-13T09:49:50.017+0000] {dagbag.py:545} INFO - Filling up the DagBag from /opt/airflow/dags/predict.py
[2025-11-13T09:49:51.392+0000] {logging_mixin.py:188} INFO - [2025-11-13T09:49:51.387+0000] {dagbag.py:355} ERROR - Failed to import: /opt/airflow/dags/predict.py
Traceback (most recent call last):
  File "/home/airflow/.local/lib/python3.10/site-packages/airflow/models/dagbag.py", line 351, in parse
    loader.exec_module(new_module)
  File "<frozen importlib._bootstrap_external>", line 883, in exec_module
  File "<frozen importlib._bootstrap>", line 241, in _call_with_frames_removed
  File "/opt/airflow/dags/predict.py", line 5, in <module>
    from lifelines import CoxPHFitter
ModuleNotFoundError: No module named 'lifelines'
[2025-11-13T09:49:51.394+0000] {processor.py:842} WARNING - No viable dags retrieved from /opt/airflow/dags/predict.py
[2025-11-13T09:49:51.411+0000] {processor.py:183} INFO - Processing /opt/airflow/dags/predict.py took 1.401 seconds
[2025-11-13T09:50:21.724+0000] {processor.py:161} INFO - Started process (PID=266) to work on /opt/airflow/dags/predict.py
[2025-11-13T09:50:21.725+0000] {processor.py:830} INFO - Processing file /opt/airflow/dags/predict.py for tasks to queue
[2025-11-13T09:50:21.727+0000] {logging_mixin.py:188} INFO - [2025-11-13T09:50:21.727+0000] {dagbag.py:545} INFO - Filling up the DagBag from /opt/airflow/dags/predict.py
[2025-11-13T09:50:23.064+0000] {logging_mixin.py:188} INFO - [2025-11-13T09:50:23.060+0000] {dagbag.py:355} ERROR - Failed to import: /opt/airflow/dags/predict.py
Traceback (most recent call last):
  File "/home/airflow/.local/lib/python3.10/site-packages/airflow/models/dagbag.py", line 351, in parse
    loader.exec_module(new_module)
  File "<frozen importlib._bootstrap_external>", line 883, in exec_module
  File "<frozen importlib._bootstrap>", line 241, in _call_with_frames_removed
  File "/opt/airflow/dags/predict.py", line 5, in <module>
    from lifelines import CoxPHFitter
ModuleNotFoundError: No module named 'lifelines'
[2025-11-13T09:50:23.066+0000] {processor.py:842} WARNING - No viable dags retrieved from /opt/airflow/dags/predict.py
[2025-11-13T09:50:23.085+0000] {processor.py:183} INFO - Processing /opt/airflow/dags/predict.py took 1.366 seconds
[2025-11-13T09:50:53.141+0000] {processor.py:161} INFO - Started process (PID=323) to work on /opt/airflow/dags/predict.py
[2025-11-13T09:50:53.142+0000] {processor.py:830} INFO - Processing file /opt/airflow/dags/predict.py for tasks to queue
[2025-11-13T09:50:53.143+0000] {logging_mixin.py:188} INFO - [2025-11-13T09:50:53.143+0000] {dagbag.py:545} INFO - Filling up the DagBag from /opt/airflow/dags/predict.py
[2025-11-13T09:50:54.490+0000] {logging_mixin.py:188} INFO - [2025-11-13T09:50:54.487+0000] {dagbag.py:355} ERROR - Failed to import: /opt/airflow/dags/predict.py
Traceback (most recent call last):
  File "/home/airflow/.local/lib/python3.10/site-packages/airflow/models/dagbag.py", line 351, in parse
    loader.exec_module(new_module)
  File "<frozen importlib._bootstrap_external>", line 883, in exec_module
  File "<frozen importlib._bootstrap>", line 241, in _call_with_frames_removed
  File "/opt/airflow/dags/predict.py", line 5, in <module>
    from lifelines import CoxPHFitter
ModuleNotFoundError: No module named 'lifelines'
[2025-11-13T09:50:54.499+0000] {processor.py:842} WARNING - No viable dags retrieved from /opt/airflow/dags/predict.py
[2025-11-13T09:50:54.513+0000] {processor.py:183} INFO - Processing /opt/airflow/dags/predict.py took 1.377 seconds
[2025-11-13T09:51:24.891+0000] {processor.py:161} INFO - Started process (PID=373) to work on /opt/airflow/dags/predict.py
[2025-11-13T09:51:24.892+0000] {processor.py:830} INFO - Processing file /opt/airflow/dags/predict.py for tasks to queue
[2025-11-13T09:51:24.893+0000] {logging_mixin.py:188} INFO - [2025-11-13T09:51:24.893+0000] {dagbag.py:545} INFO - Filling up the DagBag from /opt/airflow/dags/predict.py
[2025-11-13T09:51:26.195+0000] {logging_mixin.py:188} INFO - [2025-11-13T09:51:26.192+0000] {dagbag.py:355} ERROR - Failed to import: /opt/airflow/dags/predict.py
Traceback (most recent call last):
  File "/home/airflow/.local/lib/python3.10/site-packages/airflow/models/dagbag.py", line 351, in parse
    loader.exec_module(new_module)
  File "<frozen importlib._bootstrap_external>", line 883, in exec_module
  File "<frozen importlib._bootstrap>", line 241, in _call_with_frames_removed
  File "/opt/airflow/dags/predict.py", line 5, in <module>
    from lifelines import CoxPHFitter
ModuleNotFoundError: No module named 'lifelines'
[2025-11-13T09:51:26.197+0000] {processor.py:842} WARNING - No viable dags retrieved from /opt/airflow/dags/predict.py
[2025-11-13T09:51:26.219+0000] {processor.py:183} INFO - Processing /opt/airflow/dags/predict.py took 1.333 seconds
[2025-11-13T09:51:56.607+0000] {processor.py:161} INFO - Started process (PID=430) to work on /opt/airflow/dags/predict.py
[2025-11-13T09:51:56.608+0000] {processor.py:830} INFO - Processing file /opt/airflow/dags/predict.py for tasks to queue
[2025-11-13T09:51:56.610+0000] {logging_mixin.py:188} INFO - [2025-11-13T09:51:56.610+0000] {dagbag.py:545} INFO - Filling up the DagBag from /opt/airflow/dags/predict.py
[2025-11-13T09:51:57.987+0000] {logging_mixin.py:188} INFO - [2025-11-13T09:51:57.983+0000] {dagbag.py:355} ERROR - Failed to import: /opt/airflow/dags/predict.py
Traceback (most recent call last):
  File "/home/airflow/.local/lib/python3.10/site-packages/airflow/models/dagbag.py", line 351, in parse
    loader.exec_module(new_module)
  File "<frozen importlib._bootstrap_external>", line 883, in exec_module
  File "<frozen importlib._bootstrap>", line 241, in _call_with_frames_removed
  File "/opt/airflow/dags/predict.py", line 5, in <module>
    from lifelines import CoxPHFitter
ModuleNotFoundError: No module named 'lifelines'
[2025-11-13T09:51:57.990+0000] {processor.py:842} WARNING - No viable dags retrieved from /opt/airflow/dags/predict.py
[2025-11-13T09:51:58.012+0000] {processor.py:183} INFO - Processing /opt/airflow/dags/predict.py took 1.409 seconds
[2025-11-13T09:52:28.366+0000] {processor.py:161} INFO - Started process (PID=480) to work on /opt/airflow/dags/predict.py
[2025-11-13T09:52:28.367+0000] {processor.py:830} INFO - Processing file /opt/airflow/dags/predict.py for tasks to queue
[2025-11-13T09:52:28.368+0000] {logging_mixin.py:188} INFO - [2025-11-13T09:52:28.368+0000] {dagbag.py:545} INFO - Filling up the DagBag from /opt/airflow/dags/predict.py
[2025-11-13T09:52:29.687+0000] {logging_mixin.py:188} INFO - [2025-11-13T09:52:29.684+0000] {dagbag.py:355} ERROR - Failed to import: /opt/airflow/dags/predict.py
Traceback (most recent call last):
  File "/home/airflow/.local/lib/python3.10/site-packages/airflow/models/dagbag.py", line 351, in parse
    loader.exec_module(new_module)
  File "<frozen importlib._bootstrap_external>", line 883, in exec_module
  File "<frozen importlib._bootstrap>", line 241, in _call_with_frames_removed
  File "/opt/airflow/dags/predict.py", line 5, in <module>
    from lifelines import CoxPHFitter
ModuleNotFoundError: No module named 'lifelines'
[2025-11-13T09:52:29.689+0000] {processor.py:842} WARNING - No viable dags retrieved from /opt/airflow/dags/predict.py
[2025-11-13T09:52:29.705+0000] {processor.py:183} INFO - Processing /opt/airflow/dags/predict.py took 1.345 seconds
[2025-11-13T09:53:00.147+0000] {processor.py:161} INFO - Started process (PID=537) to work on /opt/airflow/dags/predict.py
[2025-11-13T09:53:00.149+0000] {processor.py:830} INFO - Processing file /opt/airflow/dags/predict.py for tasks to queue
[2025-11-13T09:53:00.151+0000] {logging_mixin.py:188} INFO - [2025-11-13T09:53:00.151+0000] {dagbag.py:545} INFO - Filling up the DagBag from /opt/airflow/dags/predict.py
[2025-11-13T09:53:01.487+0000] {logging_mixin.py:188} INFO - [2025-11-13T09:53:01.483+0000] {dagbag.py:355} ERROR - Failed to import: /opt/airflow/dags/predict.py
Traceback (most recent call last):
  File "/home/airflow/.local/lib/python3.10/site-packages/airflow/models/dagbag.py", line 351, in parse
    loader.exec_module(new_module)
  File "<frozen importlib._bootstrap_external>", line 883, in exec_module
  File "<frozen importlib._bootstrap>", line 241, in _call_with_frames_removed
  File "/opt/airflow/dags/predict.py", line 5, in <module>
    from lifelines import CoxPHFitter
ModuleNotFoundError: No module named 'lifelines'
[2025-11-13T09:53:01.490+0000] {processor.py:842} WARNING - No viable dags retrieved from /opt/airflow/dags/predict.py
[2025-11-13T09:53:01.506+0000] {processor.py:183} INFO - Processing /opt/airflow/dags/predict.py took 1.363 seconds
[2025-11-13T09:53:31.994+0000] {processor.py:161} INFO - Started process (PID=598) to work on /opt/airflow/dags/predict.py
[2025-11-13T09:53:31.995+0000] {processor.py:830} INFO - Processing file /opt/airflow/dags/predict.py for tasks to queue
[2025-11-13T09:53:31.996+0000] {logging_mixin.py:188} INFO - [2025-11-13T09:53:31.996+0000] {dagbag.py:545} INFO - Filling up the DagBag from /opt/airflow/dags/predict.py
[2025-11-13T09:53:33.256+0000] {logging_mixin.py:188} INFO - [2025-11-13T09:53:33.253+0000] {dagbag.py:355} ERROR - Failed to import: /opt/airflow/dags/predict.py
Traceback (most recent call last):
  File "/home/airflow/.local/lib/python3.10/site-packages/airflow/models/dagbag.py", line 351, in parse
    loader.exec_module(new_module)
  File "<frozen importlib._bootstrap_external>", line 883, in exec_module
  File "<frozen importlib._bootstrap>", line 241, in _call_with_frames_removed
  File "/opt/airflow/dags/predict.py", line 5, in <module>
    from lifelines import CoxPHFitter
ModuleNotFoundError: No module named 'lifelines'
[2025-11-13T09:53:33.258+0000] {processor.py:842} WARNING - No viable dags retrieved from /opt/airflow/dags/predict.py
[2025-11-13T09:53:33.280+0000] {processor.py:183} INFO - Processing /opt/airflow/dags/predict.py took 1.290 seconds
[2025-11-13T09:54:03.599+0000] {processor.py:161} INFO - Started process (PID=648) to work on /opt/airflow/dags/predict.py
[2025-11-13T09:54:03.600+0000] {processor.py:830} INFO - Processing file /opt/airflow/dags/predict.py for tasks to queue
[2025-11-13T09:54:03.601+0000] {logging_mixin.py:188} INFO - [2025-11-13T09:54:03.601+0000] {dagbag.py:545} INFO - Filling up the DagBag from /opt/airflow/dags/predict.py
[2025-11-13T09:54:04.805+0000] {logging_mixin.py:188} INFO - [2025-11-13T09:54:04.800+0000] {dagbag.py:355} ERROR - Failed to import: /opt/airflow/dags/predict.py
Traceback (most recent call last):
  File "/home/airflow/.local/lib/python3.10/site-packages/airflow/models/dagbag.py", line 351, in parse
    loader.exec_module(new_module)
  File "<frozen importlib._bootstrap_external>", line 883, in exec_module
  File "<frozen importlib._bootstrap>", line 241, in _call_with_frames_removed
  File "/opt/airflow/dags/predict.py", line 5, in <module>
    from lifelines import CoxPHFitter
ModuleNotFoundError: No module named 'lifelines'
[2025-11-13T09:54:04.807+0000] {processor.py:842} WARNING - No viable dags retrieved from /opt/airflow/dags/predict.py
[2025-11-13T09:54:04.825+0000] {processor.py:183} INFO - Processing /opt/airflow/dags/predict.py took 1.231 seconds
[2025-11-13T09:54:35.349+0000] {processor.py:161} INFO - Started process (PID=705) to work on /opt/airflow/dags/predict.py
[2025-11-13T09:54:35.350+0000] {processor.py:830} INFO - Processing file /opt/airflow/dags/predict.py for tasks to queue
[2025-11-13T09:54:35.352+0000] {logging_mixin.py:188} INFO - [2025-11-13T09:54:35.352+0000] {dagbag.py:545} INFO - Filling up the DagBag from /opt/airflow/dags/predict.py
[2025-11-13T09:54:36.598+0000] {logging_mixin.py:188} INFO - [2025-11-13T09:54:36.594+0000] {dagbag.py:355} ERROR - Failed to import: /opt/airflow/dags/predict.py
Traceback (most recent call last):
  File "/home/airflow/.local/lib/python3.10/site-packages/airflow/models/dagbag.py", line 351, in parse
    loader.exec_module(new_module)
  File "<frozen importlib._bootstrap_external>", line 883, in exec_module
  File "<frozen importlib._bootstrap>", line 241, in _call_with_frames_removed
  File "/opt/airflow/dags/predict.py", line 5, in <module>
    from lifelines import CoxPHFitter
ModuleNotFoundError: No module named 'lifelines'
[2025-11-13T09:54:36.600+0000] {processor.py:842} WARNING - No viable dags retrieved from /opt/airflow/dags/predict.py
[2025-11-13T09:54:36.616+0000] {processor.py:183} INFO - Processing /opt/airflow/dags/predict.py took 1.272 seconds
[2025-11-13T09:55:07.051+0000] {processor.py:161} INFO - Started process (PID=755) to work on /opt/airflow/dags/predict.py
[2025-11-13T09:55:07.053+0000] {processor.py:830} INFO - Processing file /opt/airflow/dags/predict.py for tasks to queue
[2025-11-13T09:55:07.055+0000] {logging_mixin.py:188} INFO - [2025-11-13T09:55:07.054+0000] {dagbag.py:545} INFO - Filling up the DagBag from /opt/airflow/dags/predict.py
[2025-11-13T09:55:08.448+0000] {logging_mixin.py:188} INFO - [2025-11-13T09:55:08.444+0000] {dagbag.py:355} ERROR - Failed to import: /opt/airflow/dags/predict.py
Traceback (most recent call last):
  File "/home/airflow/.local/lib/python3.10/site-packages/airflow/models/dagbag.py", line 351, in parse
    loader.exec_module(new_module)
  File "<frozen importlib._bootstrap_external>", line 883, in exec_module
  File "<frozen importlib._bootstrap>", line 241, in _call_with_frames_removed
  File "/opt/airflow/dags/predict.py", line 5, in <module>
    from lifelines import CoxPHFitter
ModuleNotFoundError: No module named 'lifelines'
[2025-11-13T09:55:08.451+0000] {processor.py:842} WARNING - No viable dags retrieved from /opt/airflow/dags/predict.py
[2025-11-13T09:55:08.470+0000] {processor.py:183} INFO - Processing /opt/airflow/dags/predict.py took 1.373 seconds
[2025-11-13T09:55:38.896+0000] {processor.py:161} INFO - Started process (PID=812) to work on /opt/airflow/dags/predict.py
[2025-11-13T09:55:38.897+0000] {processor.py:830} INFO - Processing file /opt/airflow/dags/predict.py for tasks to queue
[2025-11-13T09:55:38.899+0000] {logging_mixin.py:188} INFO - [2025-11-13T09:55:38.899+0000] {dagbag.py:545} INFO - Filling up the DagBag from /opt/airflow/dags/predict.py
[2025-11-13T09:55:40.114+0000] {logging_mixin.py:188} INFO - [2025-11-13T09:55:40.110+0000] {dagbag.py:355} ERROR - Failed to import: /opt/airflow/dags/predict.py
Traceback (most recent call last):
  File "/home/airflow/.local/lib/python3.10/site-packages/airflow/models/dagbag.py", line 351, in parse
    loader.exec_module(new_module)
  File "<frozen importlib._bootstrap_external>", line 883, in exec_module
  File "<frozen importlib._bootstrap>", line 241, in _call_with_frames_removed
  File "/opt/airflow/dags/predict.py", line 5, in <module>
    from lifelines import CoxPHFitter
ModuleNotFoundError: No module named 'lifelines'
[2025-11-13T09:55:40.116+0000] {processor.py:842} WARNING - No viable dags retrieved from /opt/airflow/dags/predict.py
[2025-11-13T09:55:40.134+0000] {processor.py:183} INFO - Processing /opt/airflow/dags/predict.py took 1.242 seconds
[2025-11-13T09:56:10.581+0000] {processor.py:161} INFO - Started process (PID=862) to work on /opt/airflow/dags/predict.py
[2025-11-13T09:56:10.582+0000] {processor.py:830} INFO - Processing file /opt/airflow/dags/predict.py for tasks to queue
[2025-11-13T09:56:10.584+0000] {logging_mixin.py:188} INFO - [2025-11-13T09:56:10.584+0000] {dagbag.py:545} INFO - Filling up the DagBag from /opt/airflow/dags/predict.py
[2025-11-13T09:56:11.948+0000] {logging_mixin.py:188} INFO - [2025-11-13T09:56:11.945+0000] {dagbag.py:355} ERROR - Failed to import: /opt/airflow/dags/predict.py
Traceback (most recent call last):
  File "/home/airflow/.local/lib/python3.10/site-packages/airflow/models/dagbag.py", line 351, in parse
    loader.exec_module(new_module)
  File "<frozen importlib._bootstrap_external>", line 883, in exec_module
  File "<frozen importlib._bootstrap>", line 241, in _call_with_frames_removed
  File "/opt/airflow/dags/predict.py", line 5, in <module>
    from lifelines import CoxPHFitter
ModuleNotFoundError: No module named 'lifelines'
[2025-11-13T09:56:11.950+0000] {processor.py:842} WARNING - No viable dags retrieved from /opt/airflow/dags/predict.py
[2025-11-13T09:56:11.968+0000] {processor.py:183} INFO - Processing /opt/airflow/dags/predict.py took 1.392 seconds
