[2025-11-13T09:48:19.717+0000] {local_task_job_runner.py:120} INFO - ::group::Pre task execution logs
[2025-11-13T09:48:19.732+0000] {taskinstance.py:2076} INFO - Dependencies all met for dep_context=non-requeueable deps ti=<TaskInstance: predictions_incendies_dag.generate_predictions scheduled__2025-11-09T02:00:00+00:00 [queued]>
[2025-11-13T09:48:19.740+0000] {taskinstance.py:2076} INFO - Dependencies all met for dep_context=requeueable deps ti=<TaskInstance: predictions_incendies_dag.generate_predictions scheduled__2025-11-09T02:00:00+00:00 [queued]>
[2025-11-13T09:48:19.740+0000] {taskinstance.py:2306} INFO - Starting attempt 2 of 2
[2025-11-13T09:48:19.752+0000] {taskinstance.py:2330} INFO - Executing <Task(PythonOperator): generate_predictions> on 2025-11-09 02:00:00+00:00
[2025-11-13T09:48:19.760+0000] {standard_task_runner.py:63} INFO - Started process 124 to run task
[2025-11-13T09:48:19.763+0000] {standard_task_runner.py:90} INFO - Running: ['***', 'tasks', 'run', 'predictions_incendies_dag', 'generate_predictions', 'scheduled__2025-11-09T02:00:00+00:00', '--job-id', '61', '--raw', '--subdir', 'DAGS_FOLDER/test_pred_feux.py', '--cfg-path', '/tmp/tmp2mpom7rm']
[2025-11-13T09:48:19.766+0000] {standard_task_runner.py:91} INFO - Job 61: Subtask generate_predictions
[2025-11-13T09:48:19.816+0000] {task_command.py:426} INFO - Running <TaskInstance: predictions_incendies_dag.generate_predictions scheduled__2025-11-09T02:00:00+00:00 [running]> on host 8a4fd83136fa
[2025-11-13T09:48:19.891+0000] {taskinstance.py:2648} INFO - Exporting env vars: AIRFLOW_CTX_DAG_OWNER='admin' AIRFLOW_CTX_DAG_ID='predictions_incendies_dag' AIRFLOW_CTX_TASK_ID='generate_predictions' AIRFLOW_CTX_EXECUTION_DATE='2025-11-09T02:00:00+00:00' AIRFLOW_CTX_TRY_NUMBER='2' AIRFLOW_CTX_DAG_RUN_ID='scheduled__2025-11-09T02:00:00+00:00'
[2025-11-13T09:48:19.892+0000] {taskinstance.py:430} INFO - ::endgroup::
[2025-11-13T09:48:19.915+0000] {base_aws.py:587} WARNING - Unable to find AWS Connection ID 'aws_default', switching to empty.
[2025-11-13T09:48:19.916+0000] {base_aws.py:164} INFO - No connection ID provided. Fallback on boto3 credential strategy (region_name=None). See: https://boto3.amazonaws.com/v1/documentation/api/latest/guide/configuration.html
[2025-11-13T09:48:20.269+0000] {taskinstance.py:441} INFO - ::group::Post task execution logs
[2025-11-13T09:48:20.270+0000] {taskinstance.py:2905} ERROR - Task failed with exception
Traceback (most recent call last):
  File "/home/airflow/.local/lib/python3.10/site-packages/airflow/models/taskinstance.py", line 465, in _execute_task
    result = _execute_callable(context=context, **execute_callable_kwargs)
  File "/home/airflow/.local/lib/python3.10/site-packages/airflow/models/taskinstance.py", line 432, in _execute_callable
    return execute_callable(context=context, **execute_callable_kwargs)
  File "/home/airflow/.local/lib/python3.10/site-packages/airflow/models/baseoperator.py", line 401, in wrapper
    return func(self, *args, **kwargs)
  File "/home/airflow/.local/lib/python3.10/site-packages/airflow/operators/python.py", line 235, in execute
    return_value = self.execute_callable()
  File "/home/airflow/.local/lib/python3.10/site-packages/airflow/operators/python.py", line 252, in execute_callable
    return self.python_callable(*self.op_args, **self.op_kwargs)
  File "/opt/airflow/dags/test_pred_feux.py", line 45, in generate_predictions
    df = load_data_from_s3().copy()
  File "/opt/airflow/dags/test_pred_feux.py", line 27, in load_data_from_s3
    obj = hook.get_key(source_key, bucket_name=bucket)
  File "/home/airflow/.local/lib/python3.10/site-packages/airflow/providers/amazon/aws/hooks/s3.py", line 135, in wrapper
    return func(*bound_args.args, **bound_args.kwargs)
  File "/home/airflow/.local/lib/python3.10/site-packages/airflow/providers/amazon/aws/hooks/s3.py", line 89, in wrapper
    return func(*bound_args.args, **bound_args.kwargs)
  File "/home/airflow/.local/lib/python3.10/site-packages/airflow/providers/amazon/aws/hooks/s3.py", line 948, in get_key
    obj.load(**sanitize_extra_args())
  File "/home/airflow/.local/lib/python3.10/site-packages/boto3/resources/factory.py", line 565, in do_action
    response = action(self, *args, **kwargs)
  File "/home/airflow/.local/lib/python3.10/site-packages/boto3/resources/action.py", line 88, in __call__
    response = getattr(parent.meta.client, operation_name)(*args, **params)
  File "/home/airflow/.local/lib/python3.10/site-packages/botocore/client.py", line 565, in _api_call
    return self._make_api_call(operation_name, kwargs)
  File "/home/airflow/.local/lib/python3.10/site-packages/botocore/client.py", line 1001, in _make_api_call
    http, parsed_response = self._make_request(
  File "/home/airflow/.local/lib/python3.10/site-packages/botocore/client.py", line 1027, in _make_request
    return self._endpoint.make_request(operation_model, request_dict)
  File "/home/airflow/.local/lib/python3.10/site-packages/botocore/endpoint.py", line 119, in make_request
    return self._send_request(request_dict, operation_model)
  File "/home/airflow/.local/lib/python3.10/site-packages/botocore/endpoint.py", line 198, in _send_request
    request = self.create_request(request_dict, operation_model)
  File "/home/airflow/.local/lib/python3.10/site-packages/botocore/endpoint.py", line 134, in create_request
    self._event_emitter.emit(
  File "/home/airflow/.local/lib/python3.10/site-packages/botocore/hooks.py", line 412, in emit
    return self._emitter.emit(aliased_event_name, **kwargs)
  File "/home/airflow/.local/lib/python3.10/site-packages/botocore/hooks.py", line 256, in emit
    return self._emit(event_name, kwargs)
  File "/home/airflow/.local/lib/python3.10/site-packages/botocore/hooks.py", line 239, in _emit
    response = handler(**kwargs)
  File "/home/airflow/.local/lib/python3.10/site-packages/botocore/signers.py", line 105, in handler
    return self.sign(operation_name, request)
  File "/home/airflow/.local/lib/python3.10/site-packages/botocore/signers.py", line 199, in sign
    auth.add_auth(request)
  File "/home/airflow/.local/lib/python3.10/site-packages/botocore/auth.py", line 418, in add_auth
    raise NoCredentialsError()
botocore.exceptions.NoCredentialsError: Unable to locate credentials
[2025-11-13T09:48:20.285+0000] {taskinstance.py:1206} INFO - Marking task as FAILED. dag_id=predictions_incendies_dag, task_id=generate_predictions, run_id=scheduled__2025-11-09T02:00:00+00:00, execution_date=20251109T020000, start_date=20251113T094819, end_date=20251113T094820
[2025-11-13T09:48:20.297+0000] {standard_task_runner.py:110} ERROR - Failed to execute job 61 for task generate_predictions (Unable to locate credentials; 124)
[2025-11-13T09:48:20.337+0000] {local_task_job_runner.py:240} INFO - Task exited with return code 1
[2025-11-13T09:48:20.351+0000] {taskinstance.py:3503} INFO - 0 downstream tasks scheduled from follow-on schedule check
[2025-11-13T09:48:20.353+0000] {local_task_job_runner.py:222} INFO - ::endgroup::
