[2025-11-10T09:37:44.119+0000] {manager.py:470} INFO - Processing files using up to 2 processes at a time 
[2025-11-10T09:37:44.121+0000] {manager.py:471} INFO - Process each file at most once every 30 seconds
[2025-11-10T09:37:44.122+0000] {manager.py:472} INFO - Checking for new files in /opt/airflow/dags every 300 seconds
[2025-11-10T09:37:44.123+0000] {manager.py:737} INFO - Searching for files in /opt/airflow/dags
[2025-11-10T09:37:44.170+0000] {manager.py:740} INFO - There are 3 files in /opt/airflow/dags
[2025-11-10T09:37:44.282+0000] {manager.py:878} INFO - 
================================================================================
DAG File Processing Stats

File Path                                   PID  Runtime      # DAGs    # Errors  Last Runtime    Last Run
----------------------------------------  -----  ---------  --------  ----------  --------------  ----------
/opt/airflow/dags/meteo_requete_final.py     46  0.05s             0           0
/opt/airflow/dags/predict.py                                       0           0
/opt/airflow/dags/test_pred_feux.py          47  0.04s             0           0
================================================================================
[2025-11-10T09:38:14.682+0000] {manager.py:878} INFO - 
================================================================================
DAG File Processing Stats

File Path                                 PID    Runtime      # DAGs    # Errors  Last Runtime    Last Run
----------------------------------------  -----  ---------  --------  ----------  --------------  -------------------
/opt/airflow/dags/test_pred_feux.py                                1           0  2.63s           2025-11-10T09:37:46
/opt/airflow/dags/predict.py                                       0           1  1.65s           2025-11-10T09:37:46
/opt/airflow/dags/meteo_requete_final.py                           0           1  0.95s           2025-11-10T09:37:45
================================================================================
[2025-11-10T09:38:45.136+0000] {manager.py:878} INFO - 
================================================================================
DAG File Processing Stats

File Path                                 PID    Runtime      # DAGs    # Errors  Last Runtime    Last Run
----------------------------------------  -----  ---------  --------  ----------  --------------  -------------------
/opt/airflow/dags/test_pred_feux.py                                1           0  2.08s           2025-11-10T09:38:19
/opt/airflow/dags/predict.py                                       0           1  1.99s           2025-11-10T09:38:19
/opt/airflow/dags/meteo_requete_final.py                           0           1  0.47s           2025-11-10T09:38:15
================================================================================
[2025-11-10T09:39:15.361+0000] {manager.py:878} INFO - 
================================================================================
DAG File Processing Stats

File Path                                 PID    Runtime      # DAGs    # Errors  Last Runtime    Last Run
----------------------------------------  -----  ---------  --------  ----------  --------------  -------------------
/opt/airflow/dags/test_pred_feux.py                                1           0  1.89s           2025-11-10T09:38:52
/opt/airflow/dags/predict.py                                       0           1  1.77s           2025-11-10T09:38:51
/opt/airflow/dags/meteo_requete_final.py                           0           1  0.46s           2025-11-10T09:38:46
================================================================================
[2025-11-10T09:39:45.544+0000] {manager.py:878} INFO - 
================================================================================
DAG File Processing Stats

File Path                                 PID    Runtime      # DAGs    # Errors  Last Runtime    Last Run
----------------------------------------  -----  ---------  --------  ----------  --------------  -------------------
/opt/airflow/dags/test_pred_feux.py                                1           0  1.76s           2025-11-10T09:39:24
/opt/airflow/dags/predict.py                                       0           1  1.54s           2025-11-10T09:39:24
/opt/airflow/dags/meteo_requete_final.py                           0           1  0.32s           2025-11-10T09:39:17
================================================================================
[2025-11-10T09:40:16.422+0000] {manager.py:878} INFO - 
================================================================================
DAG File Processing Stats

File Path                                 PID    Runtime      # DAGs    # Errors  Last Runtime    Last Run
----------------------------------------  -----  ---------  --------  ----------  --------------  -------------------
/opt/airflow/dags/test_pred_feux.py                                1           0  1.69s           2025-11-10T09:39:56
/opt/airflow/dags/predict.py                                       0           1  1.48s           2025-11-10T09:39:56
/opt/airflow/dags/meteo_requete_final.py                           0           1  0.26s           2025-11-10T09:39:48
================================================================================
[2025-11-10T09:40:46.678+0000] {manager.py:878} INFO - 
================================================================================
DAG File Processing Stats

File Path                                 PID    Runtime      # DAGs    # Errors  Last Runtime    Last Run
----------------------------------------  -----  ---------  --------  ----------  --------------  -------------------
/opt/airflow/dags/test_pred_feux.py                                1           0  1.69s           2025-11-10T09:40:28
/opt/airflow/dags/predict.py                                       0           1  1.52s           2025-11-10T09:40:28
/opt/airflow/dags/meteo_requete_final.py                           0           1  0.28s           2025-11-10T09:40:19
================================================================================
[2025-11-10T09:41:17.600+0000] {manager.py:878} INFO - 
================================================================================
DAG File Processing Stats

File Path                                 PID    Runtime      # DAGs    # Errors  Last Runtime    Last Run
----------------------------------------  -----  ---------  --------  ----------  --------------  -------------------
/opt/airflow/dags/test_pred_feux.py                                1           0  1.68s           2025-11-10T09:41:00
/opt/airflow/dags/predict.py                                       0           1  1.52s           2025-11-10T09:41:00
/opt/airflow/dags/meteo_requete_final.py                           0           1  0.26s           2025-11-10T09:40:50
================================================================================
[2025-11-10T09:41:17.950+0000] {manager.py:452} INFO - Exiting gracefully upon receiving signal 15
[2025-11-13T09:48:14.205+0000] {manager.py:470} INFO - Processing files using up to 2 processes at a time 
[2025-11-13T09:48:14.207+0000] {manager.py:471} INFO - Process each file at most once every 30 seconds
[2025-11-13T09:48:14.208+0000] {manager.py:472} INFO - Checking for new files in /opt/airflow/dags every 300 seconds
[2025-11-13T09:48:14.209+0000] {manager.py:737} INFO - Searching for files in /opt/airflow/dags
[2025-11-13T09:48:14.342+0000] {manager.py:740} INFO - There are 3 files in /opt/airflow/dags
[2025-11-13T09:48:14.466+0000] {manager.py:878} INFO - 
================================================================================
DAG File Processing Stats

File Path                                   PID  Runtime      # DAGs    # Errors  Last Runtime    Last Run
----------------------------------------  -----  ---------  --------  ----------  --------------  ----------
/opt/airflow/dags/meteo_requete_final.py     42  0.07s             0           0
/opt/airflow/dags/predict.py                 43  0.03s             0           0
/opt/airflow/dags/test_pred_feux.py                                0           0
================================================================================
[2025-11-13T09:48:44.593+0000] {manager.py:878} INFO - 
================================================================================
DAG File Processing Stats

File Path                                 PID    Runtime      # DAGs    # Errors  Last Runtime    Last Run
----------------------------------------  -----  ---------  --------  ----------  --------------  -------------------
/opt/airflow/dags/predict.py                                       0           1  1.92s           2025-11-13T09:48:16
/opt/airflow/dags/test_pred_feux.py                                1           0  1.63s           2025-11-13T09:48:16
/opt/airflow/dags/meteo_requete_final.py                           0           1  0.58s           2025-11-13T09:48:14
================================================================================
[2025-11-13T09:49:14.805+0000] {manager.py:878} INFO - 
================================================================================
DAG File Processing Stats

File Path                                 PID    Runtime      # DAGs    # Errors  Last Runtime    Last Run
----------------------------------------  -----  ---------  --------  ----------  --------------  -------------------
/opt/airflow/dags/test_pred_feux.py                                1           0  1.49s           2025-11-13T09:48:48
/opt/airflow/dags/predict.py                                       0           1  1.37s           2025-11-13T09:48:47
/opt/airflow/dags/meteo_requete_final.py                           0           1  0.39s           2025-11-13T09:48:45
================================================================================
[2025-11-13T09:49:45.493+0000] {manager.py:878} INFO - 
================================================================================
DAG File Processing Stats

File Path                                 PID    Runtime      # DAGs    # Errors  Last Runtime    Last Run
----------------------------------------  -----  ---------  --------  ----------  --------------  -------------------
/opt/airflow/dags/test_pred_feux.py                                1           0  1.50s           2025-11-13T09:49:20
/opt/airflow/dags/predict.py                                       0           1  1.37s           2025-11-13T09:49:19
/opt/airflow/dags/meteo_requete_final.py                           0           1  0.43s           2025-11-13T09:49:16
================================================================================
[2025-11-13T09:50:16.221+0000] {manager.py:878} INFO - 
================================================================================
DAG File Processing Stats

File Path                                 PID    Runtime      # DAGs    # Errors  Last Runtime    Last Run
----------------------------------------  -----  ---------  --------  ----------  --------------  -------------------
/opt/airflow/dags/test_pred_feux.py                                1           0  1.55s           2025-11-13T09:49:52
/opt/airflow/dags/predict.py                                       0           1  1.44s           2025-11-13T09:49:51
/opt/airflow/dags/meteo_requete_final.py                           0           1  0.45s           2025-11-13T09:49:46
================================================================================
[2025-11-13T09:50:46.950+0000] {manager.py:878} INFO - 
================================================================================
DAG File Processing Stats

File Path                                 PID    Runtime      # DAGs    # Errors  Last Runtime    Last Run
----------------------------------------  -----  ---------  --------  ----------  --------------  -------------------
/opt/airflow/dags/test_pred_feux.py                                1           0  1.52s           2025-11-13T09:50:23
/opt/airflow/dags/predict.py                                       0           1  1.40s           2025-11-13T09:50:23
/opt/airflow/dags/meteo_requete_final.py                           0           1  0.44s           2025-11-13T09:50:17
================================================================================
[2025-11-13T09:51:17.752+0000] {manager.py:878} INFO - 
================================================================================
DAG File Processing Stats

File Path                                 PID    Runtime      # DAGs    # Errors  Last Runtime    Last Run
----------------------------------------  -----  ---------  --------  ----------  --------------  -------------------
/opt/airflow/dags/test_pred_feux.py                                1           0  1.50s           2025-11-13T09:50:55
/opt/airflow/dags/predict.py                                       0           1  1.41s           2025-11-13T09:50:54
/opt/airflow/dags/meteo_requete_final.py                           0           1  0.39s           2025-11-13T09:50:48
================================================================================
[2025-11-13T09:51:48.444+0000] {manager.py:878} INFO - 
================================================================================
DAG File Processing Stats

File Path                                 PID    Runtime      # DAGs    # Errors  Last Runtime    Last Run
----------------------------------------  -----  ---------  --------  ----------  --------------  -------------------
/opt/airflow/dags/test_pred_feux.py                                1           0  1.46s           2025-11-13T09:51:27
/opt/airflow/dags/predict.py                                       0           1  1.36s           2025-11-13T09:51:26
/opt/airflow/dags/meteo_requete_final.py                           0           1  0.45s           2025-11-13T09:51:19
================================================================================
[2025-11-13T09:52:19.237+0000] {manager.py:878} INFO - 
================================================================================
DAG File Processing Stats

File Path                                 PID    Runtime      # DAGs    # Errors  Last Runtime    Last Run
----------------------------------------  -----  ---------  --------  ----------  --------------  -------------------
/opt/airflow/dags/test_pred_feux.py                                1           0  1.51s           2025-11-13T09:51:59
/opt/airflow/dags/predict.py                                       0           1  1.44s           2025-11-13T09:51:58
/opt/airflow/dags/meteo_requete_final.py                           0           1  0.41s           2025-11-13T09:51:49
================================================================================
[2025-11-13T09:52:49.922+0000] {manager.py:878} INFO - 
================================================================================
DAG File Processing Stats

File Path                                 PID    Runtime      # DAGs    # Errors  Last Runtime    Last Run
----------------------------------------  -----  ---------  --------  ----------  --------------  -------------------
/opt/airflow/dags/test_pred_feux.py                                1           0  1.50s           2025-11-13T09:52:30
/opt/airflow/dags/predict.py                                       0           1  1.38s           2025-11-13T09:52:29
/opt/airflow/dags/meteo_requete_final.py                           0           1  0.39s           2025-11-13T09:52:20
================================================================================
[2025-11-13T09:53:14.664+0000] {manager.py:737} INFO - Searching for files in /opt/airflow/dags
[2025-11-13T09:53:14.701+0000] {manager.py:740} INFO - There are 3 files in /opt/airflow/dags
[2025-11-13T09:53:20.755+0000] {manager.py:878} INFO - 
================================================================================
DAG File Processing Stats

File Path                                 PID    Runtime      # DAGs    # Errors  Last Runtime    Last Run
----------------------------------------  -----  ---------  --------  ----------  --------------  -------------------
/opt/airflow/dags/test_pred_feux.py                                1           0  1.52s           2025-11-13T09:53:02
/opt/airflow/dags/predict.py                                       0           1  1.40s           2025-11-13T09:53:01
/opt/airflow/dags/meteo_requete_final.py                           0           1  0.41s           2025-11-13T09:52:51
================================================================================
[2025-11-13T09:53:51.468+0000] {manager.py:878} INFO - 
================================================================================
DAG File Processing Stats

File Path                                 PID    Runtime      # DAGs    # Errors  Last Runtime    Last Run
----------------------------------------  -----  ---------  --------  ----------  --------------  -------------------
/opt/airflow/dags/test_pred_feux.py                                1           0  1.34s           2025-11-13T09:53:34
/opt/airflow/dags/predict.py                                       0           1  1.32s           2025-11-13T09:53:33
/opt/airflow/dags/meteo_requete_final.py                           0           1  0.31s           2025-11-13T09:53:22
================================================================================
[2025-11-13T09:54:22.020+0000] {manager.py:878} INFO - 
================================================================================
DAG File Processing Stats

File Path                                 PID    Runtime      # DAGs    # Errors  Last Runtime    Last Run
----------------------------------------  -----  ---------  --------  ----------  --------------  -------------------
/opt/airflow/dags/test_pred_feux.py                                1           0  1.46s           2025-11-13T09:54:06
/opt/airflow/dags/predict.py                                       0           1  1.27s           2025-11-13T09:54:04
/opt/airflow/dags/meteo_requete_final.py                           0           1  0.27s           2025-11-13T09:53:52
================================================================================
[2025-11-13T09:54:52.825+0000] {manager.py:878} INFO - 
================================================================================
DAG File Processing Stats

File Path                                 PID    Runtime      # DAGs    # Errors  Last Runtime    Last Run
----------------------------------------  -----  ---------  --------  ----------  --------------  -------------------
/opt/airflow/dags/test_pred_feux.py                                1           0  1.48s           2025-11-13T09:54:37
/opt/airflow/dags/predict.py                                       0           1  1.31s           2025-11-13T09:54:36
/opt/airflow/dags/meteo_requete_final.py                           0           1  0.31s           2025-11-13T09:54:23
================================================================================
[2025-11-13T09:55:23.597+0000] {manager.py:878} INFO - 
================================================================================
DAG File Processing Stats

File Path                                 PID    Runtime      # DAGs    # Errors  Last Runtime    Last Run
----------------------------------------  -----  ---------  --------  ----------  --------------  -------------------
/opt/airflow/dags/test_pred_feux.py                                1           0  1.53s           2025-11-13T09:55:09
/opt/airflow/dags/predict.py                                       0           1  1.46s           2025-11-13T09:55:08
/opt/airflow/dags/meteo_requete_final.py                           0           1  0.34s           2025-11-13T09:54:54
================================================================================
[2025-11-13T09:55:54.262+0000] {manager.py:878} INFO - 
================================================================================
DAG File Processing Stats

File Path                                 PID    Runtime      # DAGs    # Errors  Last Runtime    Last Run
----------------------------------------  -----  ---------  --------  ----------  --------------  -------------------
/opt/airflow/dags/test_pred_feux.py                                1           0  1.39s           2025-11-13T09:55:41
/opt/airflow/dags/predict.py                                       0           1  1.28s           2025-11-13T09:55:40
/opt/airflow/dags/meteo_requete_final.py                           0           1  0.28s           2025-11-13T09:55:24
================================================================================
[2025-11-13T09:56:25.077+0000] {manager.py:878} INFO - 
================================================================================
DAG File Processing Stats

File Path                                 PID    Runtime      # DAGs    # Errors  Last Runtime    Last Run
----------------------------------------  -----  ---------  --------  ----------  --------------  -------------------
/opt/airflow/dags/test_pred_feux.py                                1           0  1.53s           2025-11-13T09:56:13
/opt/airflow/dags/predict.py                                       0           1  1.43s           2025-11-13T09:56:11
/opt/airflow/dags/meteo_requete_final.py                           0           1  0.29s           2025-11-13T09:55:55
================================================================================
[2025-11-13T09:56:33.204+0000] {manager.py:452} INFO - Exiting gracefully upon receiving signal 15
[2025-11-14T18:17:18.319+0000] {manager.py:470} INFO - Processing files using up to 2 processes at a time 
[2025-11-14T18:17:18.321+0000] {manager.py:471} INFO - Process each file at most once every 30 seconds
[2025-11-14T18:17:18.322+0000] {manager.py:472} INFO - Checking for new files in /opt/airflow/dags every 300 seconds
[2025-11-14T18:17:18.323+0000] {manager.py:737} INFO - Searching for files in /opt/airflow/dags
[2025-11-14T18:17:18.456+0000] {manager.py:740} INFO - There are 3 files in /opt/airflow/dags
[2025-11-14T18:17:18.613+0000] {manager.py:878} INFO - 
================================================================================
DAG File Processing Stats

File Path                                   PID  Runtime      # DAGs    # Errors  Last Runtime    Last Run
----------------------------------------  -----  ---------  --------  ----------  --------------  ----------
/opt/airflow/dags/meteo_requete_final.py     44  0.08s             0           0
/opt/airflow/dags/predict.py                 45  0.04s             0           0
/opt/airflow/dags/test_pred_feux.py                                0           0
================================================================================
[2025-11-14T18:17:49.014+0000] {manager.py:878} INFO - 
================================================================================
DAG File Processing Stats

File Path                                 PID    Runtime      # DAGs    # Errors  Last Runtime    Last Run
----------------------------------------  -----  ---------  --------  ----------  --------------  -------------------
/opt/airflow/dags/predict.py                                       0           1  2.45s           2025-11-14T18:17:21
/opt/airflow/dags/test_pred_feux.py                                1           0  2.13s           2025-11-14T18:17:21
/opt/airflow/dags/meteo_requete_final.py                           0           1  0.75s           2025-11-14T18:17:19
================================================================================
[2025-11-14T18:18:19.404+0000] {manager.py:878} INFO - 
================================================================================
DAG File Processing Stats

File Path                                 PID    Runtime      # DAGs    # Errors  Last Runtime    Last Run
----------------------------------------  -----  ---------  --------  ----------  --------------  -------------------
/opt/airflow/dags/test_pred_feux.py                                1           0  2.09s           2025-11-14T18:17:54
/opt/airflow/dags/predict.py                                       0           1  2.09s           2025-11-14T18:17:53
/opt/airflow/dags/meteo_requete_final.py                           0           1  0.56s           2025-11-14T18:17:50
================================================================================
[2025-11-14T18:18:49.583+0000] {manager.py:878} INFO - 
================================================================================
DAG File Processing Stats

File Path                                 PID    Runtime      # DAGs    # Errors  Last Runtime    Last Run
----------------------------------------  -----  ---------  --------  ----------  --------------  -------------------
/opt/airflow/dags/test_pred_feux.py                                1           0  1.96s           2025-11-14T18:18:26
/opt/airflow/dags/predict.py                                       0           1  1.89s           2025-11-14T18:18:25
/opt/airflow/dags/meteo_requete_final.py                           0           1  0.52s           2025-11-14T18:18:21
================================================================================
[2025-11-14T18:19:19.955+0000] {manager.py:878} INFO - 
================================================================================
DAG File Processing Stats

File Path                                 PID    Runtime      # DAGs    # Errors  Last Runtime    Last Run
----------------------------------------  -----  ---------  --------  ----------  --------------  -------------------
/opt/airflow/dags/predict.py                                       0           1  2.34s           2025-11-14T18:18:58
/opt/airflow/dags/test_pred_feux.py                                1           0  2.25s           2025-11-14T18:18:58
/opt/airflow/dags/meteo_requete_final.py                           0           1  0.66s           2025-11-14T18:18:53
================================================================================
[2025-11-14T18:19:50.816+0000] {manager.py:878} INFO - 
================================================================================
DAG File Processing Stats

File Path                                 PID    Runtime      # DAGs    # Errors  Last Runtime    Last Run
----------------------------------------  -----  ---------  --------  ----------  --------------  -------------------
/opt/airflow/dags/predict.py                                       0           1  2.41s           2025-11-14T18:19:30
/opt/airflow/dags/test_pred_feux.py                                1           0  2.36s           2025-11-14T18:19:31
/opt/airflow/dags/meteo_requete_final.py                           0           1  0.55s           2025-11-14T18:19:24
================================================================================
[2025-11-14T18:20:21.490+0000] {manager.py:878} INFO - 
================================================================================
DAG File Processing Stats

File Path                                 PID    Runtime      # DAGs    # Errors  Last Runtime    Last Run
----------------------------------------  -----  ---------  --------  ----------  --------------  -------------------
/opt/airflow/dags/test_pred_feux.py                                1           0  2.42s           2025-11-14T18:20:04
/opt/airflow/dags/predict.py                                       0           1  2.36s           2025-11-14T18:20:03
/opt/airflow/dags/meteo_requete_final.py                           0           1  0.48s           2025-11-14T18:19:55
================================================================================
[2025-11-14T18:20:51.868+0000] {manager.py:878} INFO - 
================================================================================
DAG File Processing Stats

File Path                                 PID    Runtime      # DAGs    # Errors  Last Runtime    Last Run
----------------------------------------  -----  ---------  --------  ----------  --------------  -------------------
/opt/airflow/dags/predict.py                                       0           1  2.24s           2025-11-14T18:20:35
/opt/airflow/dags/test_pred_feux.py                                1           0  2.13s           2025-11-14T18:20:36
/opt/airflow/dags/meteo_requete_final.py                           0           1  0.66s           2025-11-14T18:20:26
================================================================================
[2025-11-14T18:21:22.277+0000] {manager.py:878} INFO - 
================================================================================
DAG File Processing Stats

File Path                                 PID    Runtime      # DAGs    # Errors  Last Runtime    Last Run
----------------------------------------  -----  ---------  --------  ----------  --------------  -------------------
/opt/airflow/dags/predict.py                                       0           1  2.06s           2025-11-14T18:21:08
/opt/airflow/dags/test_pred_feux.py                                1           0  2.00s           2025-11-14T18:21:09
/opt/airflow/dags/meteo_requete_final.py                           0           1  0.70s           2025-11-14T18:20:57
================================================================================
[2025-11-14T18:21:52.628+0000] {manager.py:878} INFO - 
================================================================================
DAG File Processing Stats

File Path                                 PID    Runtime      # DAGs    # Errors  Last Runtime    Last Run
----------------------------------------  -----  ---------  --------  ----------  --------------  -------------------
/opt/airflow/dags/predict.py                                       0           1  2.29s           2025-11-14T18:21:40
/opt/airflow/dags/test_pred_feux.py                                1           0  2.28s           2025-11-14T18:21:41
/opt/airflow/dags/meteo_requete_final.py                           0           1  0.63s           2025-11-14T18:21:28
================================================================================
[2025-11-14T18:22:18.472+0000] {manager.py:737} INFO - Searching for files in /opt/airflow/dags
[2025-11-14T18:22:18.527+0000] {manager.py:740} INFO - There are 3 files in /opt/airflow/dags
[2025-11-14T18:22:23.597+0000] {manager.py:878} INFO - 
================================================================================
DAG File Processing Stats

File Path                                 PID    Runtime      # DAGs    # Errors  Last Runtime    Last Run
----------------------------------------  -----  ---------  --------  ----------  --------------  -------------------
/opt/airflow/dags/predict.py                                       0           1  2.55s           2025-11-14T18:22:13
/opt/airflow/dags/test_pred_feux.py                                1           0  2.41s           2025-11-14T18:22:14
/opt/airflow/dags/meteo_requete_final.py                           0           1  0.46s           2025-11-14T18:22:00
================================================================================
[2025-11-14T18:22:53.663+0000] {manager.py:878} INFO - 
================================================================================
DAG File Processing Stats

File Path                                 PID    Runtime      # DAGs    # Errors  Last Runtime    Last Run
----------------------------------------  -----  ---------  --------  ----------  --------------  -------------------
/opt/airflow/dags/test_pred_feux.py                                1           0  1.82s           2025-11-14T18:22:46
/opt/airflow/dags/predict.py                                       0           1  1.77s           2025-11-14T18:22:45
/opt/airflow/dags/meteo_requete_final.py                           0           1  0.36s           2025-11-14T18:22:31
================================================================================
[2025-11-14T18:23:23.919+0000] {manager.py:878} INFO - 
================================================================================
DAG File Processing Stats

File Path                                 PID    Runtime      # DAGs    # Errors  Last Runtime    Last Run
----------------------------------------  -----  ---------  --------  ----------  --------------  -------------------
/opt/airflow/dags/predict.py                                       0           1  1.93s           2025-11-14T18:23:17
/opt/airflow/dags/test_pred_feux.py                                1           0  1.88s           2025-11-14T18:23:18
/opt/airflow/dags/meteo_requete_final.py                           0           1  0.49s           2025-11-14T18:23:02
================================================================================
[2025-11-14T18:23:54.157+0000] {manager.py:878} INFO - 
================================================================================
DAG File Processing Stats

File Path                                 PID    Runtime      # DAGs    # Errors  Last Runtime    Last Run
----------------------------------------  -----  ---------  --------  ----------  --------------  -------------------
/opt/airflow/dags/predict.py                                       0           1  2.05s           2025-11-14T18:23:50
/opt/airflow/dags/test_pred_feux.py                                1           0  1.93s           2025-11-14T18:23:51
/opt/airflow/dags/meteo_requete_final.py                           0           1  0.54s           2025-11-14T18:23:33
================================================================================
[2025-11-14T18:24:24.648+0000] {manager.py:878} INFO - 
================================================================================
DAG File Processing Stats

File Path                                 PID    Runtime      # DAGs    # Errors  Last Runtime    Last Run
----------------------------------------  -----  ---------  --------  ----------  --------------  -------------------
/opt/airflow/dags/predict.py                                       0           1  2.25s           2025-11-14T18:24:22
/opt/airflow/dags/test_pred_feux.py                                1           0  2.06s           2025-11-14T18:24:23
/opt/airflow/dags/meteo_requete_final.py                           0           1  0.37s           2025-11-14T18:24:03
================================================================================
[2025-11-14T18:24:54.998+0000] {manager.py:878} INFO - 
================================================================================
DAG File Processing Stats

File Path                                   PID  Runtime      # DAGs    # Errors  Last Runtime    Last Run
----------------------------------------  -----  ---------  --------  ----------  --------------  -------------------
/opt/airflow/dags/predict.py                791  2.04s             0           1  2.25s           2025-11-14T18:24:22
/opt/airflow/dags/test_pred_feux.py         799  1.01s             1           0  2.06s           2025-11-14T18:24:23
/opt/airflow/dags/meteo_requete_final.py                           0           1  0.47s           2025-11-14T18:24:34
================================================================================
[2025-11-14T18:25:25.389+0000] {manager.py:878} INFO - 
================================================================================
DAG File Processing Stats

File Path                                   PID  Runtime      # DAGs    # Errors  Last Runtime    Last Run
----------------------------------------  -----  ---------  --------  ----------  --------------  -------------------
/opt/airflow/dags/predict.py                848  0.01s             0           1  2.21s           2025-11-14T18:24:55
/opt/airflow/dags/test_pred_feux.py                                1           0  2.12s           2025-11-14T18:24:56
/opt/airflow/dags/meteo_requete_final.py                           0           1  0.49s           2025-11-14T18:25:05
================================================================================
[2025-11-14T18:25:55.537+0000] {manager.py:878} INFO - 
================================================================================
DAG File Processing Stats

File Path                                 PID    Runtime      # DAGs    # Errors  Last Runtime    Last Run
----------------------------------------  -----  ---------  --------  ----------  --------------  -------------------
/opt/airflow/dags/test_pred_feux.py                                1           0  1.86s           2025-11-14T18:25:28
/opt/airflow/dags/predict.py                                       0           1  1.69s           2025-11-14T18:25:27
/opt/airflow/dags/meteo_requete_final.py                           0           1  0.37s           2025-11-14T18:25:36
================================================================================
[2025-11-14T18:26:25.903+0000] {manager.py:878} INFO - 
================================================================================
DAG File Processing Stats

File Path                                 PID    Runtime      # DAGs    # Errors  Last Runtime    Last Run
----------------------------------------  -----  ---------  --------  ----------  --------------  -------------------
/opt/airflow/dags/predict.py                                       0           1  2.07s           2025-11-14T18:25:59
/opt/airflow/dags/test_pred_feux.py                                1           0  1.93s           2025-11-14T18:26:00
/opt/airflow/dags/meteo_requete_final.py                           0           1  0.38s           2025-11-14T18:26:06
================================================================================
[2025-11-14T18:26:56.452+0000] {manager.py:878} INFO - 
================================================================================
DAG File Processing Stats

File Path                                 PID    Runtime      # DAGs    # Errors  Last Runtime    Last Run
----------------------------------------  -----  ---------  --------  ----------  --------------  -------------------
/opt/airflow/dags/predict.py                                       0           1  1.90s           2025-11-14T18:26:31
/opt/airflow/dags/test_pred_feux.py                                1           0  1.78s           2025-11-14T18:26:32
/opt/airflow/dags/meteo_requete_final.py                           0           1  0.41s           2025-11-14T18:26:37
================================================================================
[2025-12-06T16:00:27.629+0000] {manager.py:470} INFO - Processing files using up to 2 processes at a time 
[2025-12-06T16:00:27.631+0000] {manager.py:471} INFO - Process each file at most once every 30 seconds
[2025-12-06T16:00:27.632+0000] {manager.py:472} INFO - Checking for new files in /opt/airflow/dags every 300 seconds
[2025-12-06T16:00:27.634+0000] {manager.py:737} INFO - Searching for files in /opt/airflow/dags
[2025-12-06T16:00:27.795+0000] {manager.py:740} INFO - There are 4 files in /opt/airflow/dags
[2025-12-06T16:00:27.952+0000] {manager.py:878} INFO - 
================================================================================
DAG File Processing Stats

File Path                                   PID  Runtime      # DAGs    # Errors  Last Runtime    Last Run
----------------------------------------  -----  ---------  --------  ----------  --------------  ----------
/opt/airflow/dags/meteo_requete_final.py     45  0.05s             0           0
/opt/airflow/dags/predict.py                                       0           0
/opt/airflow/dags/test_pred_feux.py                                0           0
/opt/airflow/dags/train.py                   44  0.09s             0           0
================================================================================
[2025-12-06T16:00:54.176+0000] {manager.py:452} INFO - Exiting gracefully upon receiving signal 15
